-------------------------------------------------------------------------------
Test set: com.productmanufacturer.ProductManufacturerApplicationTests
-------------------------------------------------------------------------------
Tests run: 1, Failures: 0, Errors: 1, Skipped: 0, Time elapsed: 18.607 s <<< FAILURE! - in com.productmanufacturer.ProductManufacturerApplicationTests
contextLoads  Time elapsed: 0.203 s  <<< ERROR!
java.lang.IllegalStateException: Failed to load ApplicationContext
Caused by: org.springframework.beans.factory.UnsatisfiedDependencyException: Error creating bean with name 'productController': Unsatisfied dependency expressed through field 'productService'; nested exception is org.springframework.beans.factory.UnsatisfiedDependencyException: Error creating bean with name 'productServiceImpl': Unsatisfied dependency expressed through field 'ProductManufacturerRepository'; nested exception is org.springframework.beans.factory.BeanCreationException: Error creating bean with name 'productManufacturerRepository' defined in com.productmanufacturer.Dao.ProductManufacturerRepository defined in @EnableJpaRepositories declared on JpaRepositoriesRegistrar.EnableJpaRepositoriesConfiguration: Invocation of init method failed; nested exception is org.springframework.data.repository.query.QueryCreationException: Could not create query for public abstract java.lang.Object com.productmanufacturer.Dao.BaseRepository.findByIdMandatory(java.lang.Object) throws java.lang.IllegalArgumentException! Reason: Failed to create query for method public abstract java.lang.Object com.productmanufacturer.Dao.BaseRepository.findByIdMandatory(java.lang.Object) throws java.lang.IllegalArgumentException! No property idMandatory found for type ProductManufacturer!; nested exception is java.lang.IllegalArgumentException: Failed to create query for method public abstract java.lang.Object com.productmanufacturer.Dao.BaseRepository.findByIdMandatory(java.lang.Object) throws java.lang.IllegalArgumentException! No property idMandatory found for type ProductManufacturer!
Caused by: org.springframework.beans.factory.UnsatisfiedDependencyException: Error creating bean with name 'productServiceImpl': Unsatisfied dependency expressed through field 'ProductManufacturerRepository'; nested exception is org.springframework.beans.factory.BeanCreationException: Error creating bean with name 'productManufacturerRepository' defined in com.productmanufacturer.Dao.ProductManufacturerRepository defined in @EnableJpaRepositories declared on JpaRepositoriesRegistrar.EnableJpaRepositoriesConfiguration: Invocation of init method failed; nested exception is org.springframework.data.repository.query.QueryCreationException: Could not create query for public abstract java.lang.Object com.productmanufacturer.Dao.BaseRepository.findByIdMandatory(java.lang.Object) throws java.lang.IllegalArgumentException! Reason: Failed to create query for method public abstract java.lang.Object com.productmanufacturer.Dao.BaseRepository.findByIdMandatory(java.lang.Object) throws java.lang.IllegalArgumentException! No property idMandatory found for type ProductManufacturer!; nested exception is java.lang.IllegalArgumentException: Failed to create query for method public abstract java.lang.Object com.productmanufacturer.Dao.BaseRepository.findByIdMandatory(java.lang.Object) throws java.lang.IllegalArgumentException! No property idMandatory found for type ProductManufacturer!
Caused by: org.springframework.beans.factory.BeanCreationException: Error creating bean with name 'productManufacturerRepository' defined in com.productmanufacturer.Dao.ProductManufacturerRepository defined in @EnableJpaRepositories declared on JpaRepositoriesRegistrar.EnableJpaRepositoriesConfiguration: Invocation of init method failed; nested exception is org.springframework.data.repository.query.QueryCreationException: Could not create query for public abstract java.lang.Object com.productmanufacturer.Dao.BaseRepository.findByIdMandatory(java.lang.Object) throws java.lang.IllegalArgumentException! Reason: Failed to create query for method public abstract java.lang.Object com.productmanufacturer.Dao.BaseRepository.findByIdMandatory(java.lang.Object) throws java.lang.IllegalArgumentException! No property idMandatory found for type ProductManufacturer!; nested exception is java.lang.IllegalArgumentException: Failed to create query for method public abstract java.lang.Object com.productmanufacturer.Dao.BaseRepository.findByIdMandatory(java.lang.Object) throws java.lang.IllegalArgumentException! No property idMandatory found for type ProductManufacturer!
Caused by: org.springframework.data.repository.query.QueryCreationException: Could not create query for public abstract java.lang.Object com.productmanufacturer.Dao.BaseRepository.findByIdMandatory(java.lang.Object) throws java.lang.IllegalArgumentException! Reason: Failed to create query for method public abstract java.lang.Object com.productmanufacturer.Dao.BaseRepository.findByIdMandatory(java.lang.Object) throws java.lang.IllegalArgumentException! No property idMandatory found for type ProductManufacturer!; nested exception is java.lang.IllegalArgumentException: Failed to create query for method public abstract java.lang.Object com.productmanufacturer.Dao.BaseRepository.findByIdMandatory(java.lang.Object) throws java.lang.IllegalArgumentException! No property idMandatory found for type ProductManufacturer!
Caused by: java.lang.IllegalArgumentException: Failed to create query for method public abstract java.lang.Object com.productmanufacturer.Dao.BaseRepository.findByIdMandatory(java.lang.Object) throws java.lang.IllegalArgumentException! No property idMandatory found for type ProductManufacturer!
Caused by: org.springframework.data.mapping.PropertyReferenceException: No property idMandatory found for type ProductManufacturer!

